\BOOKMARK [1][]{section*.1}{\376\377\000I\000n\000f\000o\000r\000m\000a\000z\000i\000o\000n\000i\000\040\000P\000e\000r\000s\000o\000n\000a\000l\000i}{}% 1
\BOOKMARK [1][]{section*.2}{\376\377\000P\000o\000s\000i\000z\000i\000o\000n\000e\000\040\000c\000o\000r\000r\000e\000n\000t\000e}{}% 2
\BOOKMARK [1][]{section*.3}{\376\377\000I\000s\000t\000r\000u\000z\000i\000o\000n\000e\000\040\000e\000\040\000F\000o\000r\000m\000a\000z\000i\000o\000n\000e}{}% 3
\BOOKMARK [1][]{section*.4}{\376\377\000P\000r\000e\000c\000e\000d\000e\000n\000t\000i\000\040\000i\000n\000c\000a\000r\000i\000c\000h\000i}{}% 4
\BOOKMARK [1][]{section*.5}{\376\377\000I\000n\000t\000e\000r\000e\000s\000s\000i\000\040\000d\000i\000\040\000r\000i\000c\000e\000r\000c\000a}{}% 5
\BOOKMARK [2][]{section*.6}{\376\377\000R\000i\000s\000u\000l\000t\000a\000t\000i\000\040\000s\000i\000g\000n\000i\000f\000i\000c\000a\000t\000i\000v\000i\000\040\000d\000i\000\040\000R\000i\000c\000e\000r\000c\000a}{section*.5}% 6
\BOOKMARK [2][]{section*.7}{\376\377\000B\000i\000b\000l\000i\000o\000m\000e\000t\000r\000i\000c\000s}{section*.5}% 7
\BOOKMARK [1][]{section*.8}{\376\377\000P\000r\000e\000m\000i}{}% 8
\BOOKMARK [1][]{section*.9}{\376\377\000F\000i\000n\000a\000n\000z\000i\000a\000m\000e\000n\000t\000i\000\040\000e\000\040\000G\000r\000a\000n\000t}{}% 9
\BOOKMARK [2][]{section*.10}{\376\377\000F\000i\000n\000a\000n\000z\000i\000a\000m\000e\000n\000t\000i\000\040\000i\000n\000d\000i\000v\000i\000d\000u\000a\000l\000i}{section*.9}% 10
\BOOKMARK [2][]{section*.11}{\376\377\000P\000a\000r\000t\000e\000c\000i\000p\000a\000z\000i\000o\000n\000e\000\040\000i\000n\000t\000e\000r\000n\000a\000z\000i\000o\000n\000a\000l\000e\000\040\000d\000i\000\040\000r\000i\000c\000e\000r\000c\000a}{section*.9}% 11
\BOOKMARK [2][]{section*.12}{\376\377\000S\000c\000r\000i\000t\000t\000u\000r\000a\000\040\000d\000i\000\040\000P\000r\000o\000p\000o\000s\000t\000a\000\040\000P\000r\000o\000g\000e\000t\000t\000u\000a\000l\000e}{section*.9}% 12
\BOOKMARK [1][]{section*.13}{\376\377\000S\000u\000p\000e\000r\000v\000i\000s\000i\000o\000n\000e\000\040\000e\000\040\000M\000e\000n\000t\000o\000r\000i\000n\000g}{}% 13
\BOOKMARK [2][]{section*.14}{\376\377\000M\000e\000n\000t\000o\000r\000i\000n\000g\000/\000T\000u\000t\000o\000r\000\040\000d\000i\000\040\000s\000t\000u\000d\000e\000n\000t\000i\000\040\000d\000i\000\040\000d\000o\000t\000t\000o\000r\000a\000t\000o}{section*.13}% 14
\BOOKMARK [2][]{section*.15}{\376\377\000S\000u\000p\000e\000r\000v\000i\000s\000i\000o\000n\000e\000\040\000d\000i\000\040\000t\000e\000s\000i\000\040\000d\000i\000\040\000l\000a\000u\000r\000e\000a}{section*.13}% 15
\BOOKMARK [2][]{section*.16}{\376\377\000U\000n\000d\000e\000r\000g\000r\000a\000d\000u\000a\000t\000e\000\040\000S\000u\000p\000e\000r\000v\000i\000s\000i\000o\000n}{section*.13}% 16
\BOOKMARK [1][]{section*.17}{\376\377\000D\000i\000d\000a\000t\000t\000i\000c\000a}{}% 17
\BOOKMARK [2][]{section*.18}{\376\377\000C\000o\000r\000s\000i\000\040\000d\000i\000\040\000d\000o\000t\000t\000o\000r\000a\000t\000o}{section*.17}% 18
\BOOKMARK [2][]{section*.19}{\376\377\000C\000o\000r\000s\000i\000\040\000i\000n\000\040\000S\000c\000u\000o\000l\000e\000\040\000e\000s\000t\000i\000v\000e}{section*.17}% 19
\BOOKMARK [2][]{section*.20}{\376\377\000C\000o\000r\000s\000i\000\040\000u\000n\000i\000v\000e\000r\000s\000i\000t\000a\000r\000i}{section*.17}% 20
\BOOKMARK [1][]{section*.21}{\376\377\000D\000i\000s\000s\000e\000m\000i\000n\000a\000z\000i\000o\000n\000e\000\040\000e\000\040\000D\000i\000d\000a\000t\000t\000i\000c\000a\000\040\000e\000x\000t\000r\000a\000-\000u\000n\000i\000v\000e\000r\000s\000i\000t\000a\000r\000i\000a}{}% 21
\BOOKMARK [2][]{section*.22}{\376\377\000P\000r\000e\000s\000e\000n\000t\000a\000z\000i\000o\000n\000e\000\040\000d\000i\000\040\000l\000a\000v\000o\000r\000i\000\040\000r\000e\000c\000e\000n\000t\000e\000m\000e\000n\000t\000e\000\040\000a\000c\000c\000e\000t\000t\000a\000t\000i\000\040\000a\000\040\000c\000o\000n\000f\000e\000r\000e\000n\000z\000a}{section*.21}% 22
\BOOKMARK [2][]{section*.23}{\376\377\000O\000u\000t\000r\000e\000a\000c\000h}{section*.21}% 23
\BOOKMARK [1][]{section*.24}{\376\377\000I\000m\000p\000o\000r\000t\000a\000n\000t\000i\000\040\000p\000o\000s\000i\000z\000i\000o\000n\000i\000\040\000r\000i\000c\000o\000p\000e\000r\000t\000e\000\040\000n\000e\000l\000l\000a\000\040\000r\000i\000c\000e\000r\000c\000a\000\040\000s\000c\000i\000e\000n\000t\000i\000f\000i\000c\000a\000\040\000n\000e\000g\000l\000i\000\040\000u\000l\000t\000i\000m\000i\000\040\0005\000\040\000a\000n\000n\000i}{}% 24
\BOOKMARK [2][]{section*.25}{\376\377\000C\000h\000a\000i\000r\000,\000\040\000O\000r\000g\000a\000n\000i\000s\000a\000t\000i\000o\000n\000\040\000e\000\040\000p\000a\000r\000t\000e\000c\000i\000p\000a\000z\000i\000o\000n\000e\000\040\000a\000\040\000c\000o\000m\000i\000t\000a\000t\000i\000\040\000d\000i\000\040\000p\000r\000o\000g\000r\000a\000m\000m\000a}{section*.24}% 25
\BOOKMARK [2][]{section*.26}{\376\377\000E\000d\000i\000t\000o\000r\000i\000a\000l\000e}{section*.24}% 26
\BOOKMARK [2][]{section*.27}{\376\377\000C\000o\000o\000r\000d\000i\000n\000a\000t\000o\000r\000e\000\040\000d\000i\000\040\000p\000r\000o\000g\000e\000t\000t\000i}{section*.24}% 27
\BOOKMARK [2][]{section*.28}{\376\377\000A\000t\000t\000i\000v\000i\000t\000\340\000\040\000d\000i\000\040\000r\000e\000v\000i\000s\000i\000o\000n\000e}{section*.24}% 28
\BOOKMARK [2][]{section*.29}{\376\377\000V\000i\000s\000i\000t\000e\000\040\000d\000i\000\040\000r\000i\000c\000e\000r\000c\000a\000\040\000r\000e\000c\000e\000n\000t\000i}{section*.24}% 29
\BOOKMARK [2][]{section*.30}{\376\377\000I\000n\000v\000i\000t\000e\000d\000\040\000W\000o\000r\000k\000s\000h\000o\000p\000\040\000T\000a\000l\000k\000s}{section*.24}% 30
\BOOKMARK [2][]{section*.31}{\376\377\000I\000n\000v\000i\000t\000e\000d\000\040\000S\000e\000m\000i\000n\000a\000r\000\040\000T\000a\000l\000k\000s}{section*.24}% 31
\BOOKMARK [1][]{section*.32}{\376\377\000A\000r\000t\000i\000c\000o\000l\000i\000\040\000p\000u\000b\000b\000l\000i\000c\000a\000t\000i\000\040\000c\000o\000n\000\040\000r\000e\000f\000e\000r\000a\000g\000g\000i\000o}{}% 32
\BOOKMARK [2][]{section*.33}{\376\377\000L\000i\000b\000r\000o}{section*.32}% 33
\BOOKMARK [2][]{section*.34}{\376\377\000C\000a\000p\000i\000t\000o\000l\000i\000\040\000d\000i\000\040\000L\000i\000b\000r\000i}{section*.32}% 34
\BOOKMARK [2][]{section*.35}{\376\377\000A\000r\000t\000i\000c\000o\000l\000i\000\040\000a\000\040\000c\000o\000n\000f\000e\000r\000e\000n\000z\000a}{section*.32}% 35
\BOOKMARK [2][]{section*.36}{\376\377\000A\000r\000t\000i\000c\000o\000l\000i\000\040\000a\000\040\000r\000i\000v\000i\000s\000t\000a}{section*.32}% 36
\BOOKMARK [2][]{section*.37}{\376\377\000A\000r\000t\000i\000c\000o\000l\000i\000\040\000i\000n\000\040\000W\000o\000r\000k\000s\000h\000o\000p\000s}{section*.32}% 37
\BOOKMARK [1][]{section*.38}{\376\377\000R\000e\000f\000e\000r\000e\000n\000z\000e}{}% 38
\BOOKMARK [2][]{section*.39}{\376\377\000D\000i\000d\000a\000t\000t\000i\000c\000a}{section*.38}% 39
\BOOKMARK [2][]{section*.40}{\376\377\000A\000c\000c\000a\000d\000e\000m\000i\000c\000o}{section*.38}% 40
