\BOOKMARK [1][]{section*.1}{\376\377\000P\000e\000r\000s\000o\000n\000a\000l\000\040\000I\000n\000f\000o\000r\000m\000a\000t\000i\000o\000n}{}% 1
\BOOKMARK [1][]{section*.2}{\376\377\000C\000u\000r\000r\000e\000n\000t\000\040\000A\000p\000p\000o\000i\000n\000t\000m\000e\000n\000t}{}% 2
\BOOKMARK [1][]{section*.3}{\376\377\000A\000c\000a\000d\000e\000m\000i\000c\000\040\000Q\000u\000a\000l\000i\000f\000i\000c\000a\000t\000i\000o\000n\000s}{}% 3
\BOOKMARK [1][]{section*.4}{\376\377\000P\000r\000e\000v\000i\000o\000u\000s\000\040\000A\000p\000p\000o\000i\000n\000t\000m\000e\000n\000t\000s}{}% 4
\BOOKMARK [1][]{section*.5}{\376\377\000R\000e\000s\000e\000a\000r\000c\000h\000\040\000P\000o\000r\000t\000f\000o\000l\000i\000o}{}% 5
\BOOKMARK [2][]{section*.6}{\376\377\000R\000e\000s\000e\000a\000r\000c\000h\000\040\000A\000c\000c\000o\000m\000p\000l\000i\000s\000h\000m\000e\000n\000t\000s}{section*.5}% 6
\BOOKMARK [2][]{section*.7}{\376\377\000B\000i\000b\000l\000i\000o\000m\000e\000t\000r\000i\000c\000s}{section*.5}% 7
\BOOKMARK [1][]{section*.8}{\376\377\000A\000w\000a\000r\000d\000s}{}% 8
\BOOKMARK [1][]{section*.9}{\376\377\000F\000u\000n\000d\000i\000n\000g\000\040\000a\000n\000d\000\040\000G\000r\000a\000n\000t\000\040\000w\000r\000i\000t\000i\000n\000g}{}% 9
\BOOKMARK [2][]{section*.10}{\376\377\000I\000n\000d\000i\000v\000i\000d\000u\000a\000l\000\040\000F\000u\000n\000d\000i\000n\000g}{section*.9}% 10
\BOOKMARK [2][]{section*.11}{\376\377\000G\000r\000a\000n\000t\000\040\000w\000r\000i\000t\000i\000n\000g}{section*.9}% 11
\BOOKMARK [1][]{section*.12}{\376\377\000S\000u\000p\000e\000r\000v\000i\000s\000i\000o\000n\000\040\000a\000n\000d\000\040\000M\000e\000n\000t\000o\000r\000i\000n\000g}{}% 12
\BOOKMARK [2][]{section*.13}{\376\377\000P\000h\000D\000\040\000M\000e\000n\000t\000o\000r\000i\000n\000g}{section*.12}% 13
\BOOKMARK [2][]{section*.14}{\376\377\000M\000a\000s\000t\000e\000r\000s\000\040\000S\000u\000p\000e\000r\000v\000i\000s\000i\000o\000n}{section*.12}% 14
\BOOKMARK [2][]{section*.15}{\376\377\000U\000n\000d\000e\000r\000g\000r\000a\000d\000u\000a\000t\000e\000\040\000S\000u\000p\000e\000r\000v\000i\000s\000i\000o\000n}{section*.12}% 15
\BOOKMARK [1][]{section*.16}{\376\377\000T\000e\000a\000c\000h\000i\000n\000g}{}% 16
\BOOKMARK [2][]{section*.17}{\376\377\000G\000r\000a\000d\000u\000a\000t\000e\000\040\000c\000o\000u\000r\000s\000e\000s}{section*.16}% 17
\BOOKMARK [2][]{section*.18}{\376\377\000S\000c\000h\000o\000o\000l\000\040\000c\000o\000u\000r\000s\000e}{section*.16}% 18
\BOOKMARK [2][]{section*.19}{\376\377\000U\000n\000d\000e\000r\000g\000r\000a\000d\000u\000a\000t\000e\000\040\000c\000o\000u\000r\000s\000e\000s}{section*.16}% 19
\BOOKMARK [1][]{section*.20}{\376\377\000D\000i\000s\000s\000e\000m\000i\000n\000a\000t\000i\000o\000n\000\040\000a\000n\000d\000\040\000O\000u\000t\000r\000e\000a\000c\000h}{}% 20
\BOOKMARK [2][]{section*.21}{\376\377\000R\000e\000c\000e\000n\000t\000\040\000T\000a\000l\000k\000s\000\040\000o\000f\000\040\000A\000c\000c\000e\000p\000t\000e\000d\000\040\000P\000a\000p\000e\000r\000s}{section*.20}% 21
\BOOKMARK [2][]{section*.22}{\376\377\000O\000u\000t\000r\000e\000a\000c\000h}{section*.20}% 22
\BOOKMARK [1][]{section*.23}{\376\377\000E\000s\000t\000e\000e\000m}{}% 23
\BOOKMARK [2][]{section*.24}{\376\377\000C\000h\000a\000i\000r}{section*.23}% 24
\BOOKMARK [2][]{section*.25}{\376\377\000O\000r\000g\000a\000n\000i\000s\000e\000r}{section*.23}% 25
\BOOKMARK [2][]{section*.26}{\376\377\000P\000C\000\040\000M\000e\000m\000b\000e\000r\000s\000h\000i\000p}{section*.23}% 26
\BOOKMARK [2][]{section*.27}{\376\377\000E\000d\000i\000t\000o\000r\000s\000h\000i\000p}{section*.23}% 27
\BOOKMARK [2][]{section*.28}{\376\377\000P\000r\000o\000j\000e\000c\000t\000\040\000c\000o\000-\000o\000r\000d\000i\000n\000a\000t\000o\000r}{section*.23}% 28
\BOOKMARK [2][]{section*.29}{\376\377\000R\000e\000v\000i\000e\000w\000i\000n\000g}{section*.23}% 29
\BOOKMARK [2][]{section*.30}{\376\377\000R\000e\000c\000e\000n\000t\000\040\000R\000e\000s\000e\000a\000r\000c\000h\000\040\000V\000i\000s\000i\000t\000s}{section*.23}% 30
\BOOKMARK [2][]{section*.31}{\376\377\000I\000n\000v\000i\000t\000e\000d\000\040\000W\000o\000r\000k\000s\000h\000o\000p\000\040\000T\000a\000l\000k\000s}{section*.23}% 31
\BOOKMARK [2][]{section*.32}{\376\377\000I\000n\000v\000i\000t\000e\000d\000\040\000S\000e\000m\000i\000n\000a\000r\000\040\000T\000a\000l\000k\000s}{section*.23}% 32
\BOOKMARK [1][]{section*.33}{\376\377\000R\000e\000f\000e\000r\000e\000e\000d\000\040\000P\000u\000b\000l\000i\000c\000a\000t\000i\000o\000n\000s}{}% 33
\BOOKMARK [2][]{section*.34}{\376\377\000B\000o\000o\000k}{section*.33}% 34
\BOOKMARK [2][]{section*.35}{\376\377\000B\000o\000o\000k\000\040\000C\000h\000a\000p\000t\000e\000r}{section*.33}% 35
\BOOKMARK [2][]{section*.36}{\376\377\000C\000o\000n\000f\000e\000r\000e\000n\000c\000e\000\040\000A\000r\000t\000i\000c\000l\000e\000s}{section*.33}% 36
\BOOKMARK [2][]{section*.37}{\376\377\000J\000o\000u\000r\000n\000a\000l\000\040\000A\000r\000t\000i\000c\000l\000e\000s}{section*.33}% 37
\BOOKMARK [2][]{section*.38}{\376\377\000W\000o\000r\000k\000s\000h\000o\000p\000\040\000A\000r\000t\000i\000c\000l\000e\000s}{section*.33}% 38
